                                      1 ;--------------------------------------------------------
                                      2 ; File Created by SDCC : free open source ANSI-C Compiler
                                      3 ; Version 4.2.0 #13081 (Linux)
                                      4 ;--------------------------------------------------------
                                      5 	.module CMakeCCompilerId
                                      6 	.optsdcc -mstm8
                                      7 	
                                      8 ;--------------------------------------------------------
                                      9 ; Public variables in this module
                                     10 ;--------------------------------------------------------
                                     11 	.globl _info_version
                                     12 	.globl _main
                                     13 	.globl _info_language_extensions_default
                                     14 	.globl _info_language_standard_default
                                     15 	.globl _info_arch
                                     16 	.globl _info_platform
                                     17 	.globl _info_compiler
                                     18 ;--------------------------------------------------------
                                     19 ; ram data
                                     20 ;--------------------------------------------------------
                                     21 	.area DATA
                                     22 ;--------------------------------------------------------
                                     23 ; ram data
                                     24 ;--------------------------------------------------------
                                     25 	.area INITIALIZED
      000000                         26 _info_compiler::
      000000                         27 	.ds 2
      000002                         28 _info_platform::
      000002                         29 	.ds 2
      000004                         30 _info_arch::
      000004                         31 	.ds 2
      000006                         32 _info_language_standard_default::
      000006                         33 	.ds 2
      000008                         34 _info_language_extensions_default::
      000008                         35 	.ds 2
                                     36 ;--------------------------------------------------------
                                     37 ; Stack segment in internal ram
                                     38 ;--------------------------------------------------------
                                     39 	.area	SSEG
      000000                         40 __start__stack:
      000000                         41 	.ds	1
                                     42 
                                     43 ;--------------------------------------------------------
                                     44 ; absolute external ram data
                                     45 ;--------------------------------------------------------
                                     46 	.area DABS (ABS)
                                     47 
                                     48 ; default segment ordering for linker
                                     49 	.area HOME
                                     50 	.area GSINIT
                                     51 	.area GSFINAL
                                     52 	.area CONST
                                     53 	.area INITIALIZER
                                     54 	.area CODE
                                     55 
                                     56 ;--------------------------------------------------------
                                     57 ; interrupt vector
                                     58 ;--------------------------------------------------------
                                     59 	.area HOME
      000000                         60 __interrupt_vect:
      000000 82v00u00u00             61 	int s_GSINIT ; reset
                                     62 ;--------------------------------------------------------
                                     63 ; global & static initialisations
                                     64 ;--------------------------------------------------------
                                     65 	.area HOME
                                     66 	.area GSINIT
                                     67 	.area GSFINAL
                                     68 	.area GSINIT
      000000                         69 __sdcc_init_data:
                                     70 ; stm8_genXINIT() start
      000000 AEr00r00         [ 2]   71 	ldw x, #l_DATA
      000003 27 07            [ 1]   72 	jreq	00002$
      000005                         73 00001$:
      000005 72 4FuFFuFF      [ 1]   74 	clr (s_DATA - 1, x)
      000009 5A               [ 2]   75 	decw x
      00000A 26 F9            [ 1]   76 	jrne	00001$
      00000C                         77 00002$:
      00000C AEr00r00         [ 2]   78 	ldw	x, #l_INITIALIZER
      00000F 27 09            [ 1]   79 	jreq	00004$
      000011                         80 00003$:
      000011 D6uFFuFF         [ 1]   81 	ld	a, (s_INITIALIZER - 1, x)
      000014 D7uFFuFF         [ 1]   82 	ld	(s_INITIALIZED - 1, x), a
      000017 5A               [ 2]   83 	decw	x
      000018 26 F7            [ 1]   84 	jrne	00003$
      00001A                         85 00004$:
                                     86 ; stm8_genXINIT() end
                                     87 	.area GSFINAL
      000000 CCr00r04         [ 2]   88 	jp	__sdcc_program_startup
                                     89 ;--------------------------------------------------------
                                     90 ; Home
                                     91 ;--------------------------------------------------------
                                     92 	.area HOME
                                     93 	.area HOME
      000004                         94 __sdcc_program_startup:
      000004 CCr00r00         [ 2]   95 	jp	_main
                                     96 ;	return from main will return to caller
                                     97 ;--------------------------------------------------------
                                     98 ; code
                                     99 ;--------------------------------------------------------
                                    100 	.area CODE
                                    101 ;	CMakeCCompilerId.c: 853: int main(int argc, char* argv[])
                                    102 ;	-----------------------------------------
                                    103 ;	 function main
                                    104 ;	-----------------------------------------
      000000                        105 _main:
      000000 52 06            [ 2]  106 	sub	sp, #6
      000002 1F 05            [ 2]  107 	ldw	(0x05, sp), x
                                    108 ;	CMakeCCompilerId.c: 857: require += info_compiler[argc];
      000004 CEu00u00         [ 2]  109 	ldw	x, _info_compiler+0
      000007 72 FB 05         [ 2]  110 	addw	x, (0x05, sp)
      00000A F6               [ 1]  111 	ld	a, (x)
      00000B 6B 04            [ 1]  112 	ld	(0x04, sp), a
      00000D 0F 03            [ 1]  113 	clr	(0x03, sp)
                                    114 ;	CMakeCCompilerId.c: 858: require += info_platform[argc];
      00000F CEu00u02         [ 2]  115 	ldw	x, _info_platform+0
      000012 72 FB 05         [ 2]  116 	addw	x, (0x05, sp)
      000015 F6               [ 1]  117 	ld	a, (x)
      000016 5F               [ 1]  118 	clrw	x
      000017 97               [ 1]  119 	ld	xl, a
      000018 72 FB 03         [ 2]  120 	addw	x, (0x03, sp)
      00001B 1F 01            [ 2]  121 	ldw	(0x01, sp), x
                                    122 ;	CMakeCCompilerId.c: 859: require += info_arch[argc];
      00001D CEu00u04         [ 2]  123 	ldw	x, _info_arch+0
      000020 72 FB 05         [ 2]  124 	addw	x, (0x05, sp)
      000023 F6               [ 1]  125 	ld	a, (x)
      000024 5F               [ 1]  126 	clrw	x
      000025 97               [ 1]  127 	ld	xl, a
      000026 72 FB 01         [ 2]  128 	addw	x, (0x01, sp)
      000029 1F 03            [ 2]  129 	ldw	(0x03, sp), x
                                    130 ;	CMakeCCompilerId.c: 861: require += info_version[argc];
      00002B 1E 05            [ 2]  131 	ldw	x, (0x05, sp)
      00002D D6u00u00         [ 1]  132 	ld	a, (_info_version+0, x)
      000030 5F               [ 1]  133 	clrw	x
      000031 97               [ 1]  134 	ld	xl, a
      000032 72 FB 03         [ 2]  135 	addw	x, (0x03, sp)
      000035 1F 01            [ 2]  136 	ldw	(0x01, sp), x
                                    137 ;	CMakeCCompilerId.c: 875: require += info_language_standard_default[argc];
      000037 CEu00u06         [ 2]  138 	ldw	x, _info_language_standard_default+0
      00003A 72 FB 05         [ 2]  139 	addw	x, (0x05, sp)
      00003D F6               [ 1]  140 	ld	a, (x)
      00003E 5F               [ 1]  141 	clrw	x
      00003F 97               [ 1]  142 	ld	xl, a
      000040 72 FB 01         [ 2]  143 	addw	x, (0x01, sp)
      000043 1F 03            [ 2]  144 	ldw	(0x03, sp), x
                                    145 ;	CMakeCCompilerId.c: 876: require += info_language_extensions_default[argc];
      000045 CEu00u08         [ 2]  146 	ldw	x, _info_language_extensions_default+0
      000048 72 FB 05         [ 2]  147 	addw	x, (0x05, sp)
      00004B F6               [ 1]  148 	ld	a, (x)
      00004C 5F               [ 1]  149 	clrw	x
      00004D 97               [ 1]  150 	ld	xl, a
      00004E 72 FB 03         [ 2]  151 	addw	x, (0x03, sp)
                                    152 ;	CMakeCCompilerId.c: 878: return require;
                                    153 ;	CMakeCCompilerId.c: 879: }
      000051 5B 06            [ 2]  154 	addw	sp, #6
      000053 90 85            [ 2]  155 	popw	y
      000055 5B 02            [ 2]  156 	addw	sp, #2
      000057 90 FC            [ 2]  157 	jp	(y)
                                    158 	.area CODE
                                    159 	.area CONST
      000000                        160 _info_version:
      000000 49                     161 	.db #0x49	; 73	'I'
      000001 4E                     162 	.db #0x4e	; 78	'N'
      000002 46                     163 	.db #0x46	; 70	'F'
      000003 4F                     164 	.db #0x4f	; 79	'O'
      000004 3A                     165 	.db #0x3a	; 58
      000005 63                     166 	.db #0x63	; 99	'c'
      000006 6F                     167 	.db #0x6f	; 111	'o'
      000007 6D                     168 	.db #0x6d	; 109	'm'
      000008 70                     169 	.db #0x70	; 112	'p'
      000009 69                     170 	.db #0x69	; 105	'i'
      00000A 6C                     171 	.db #0x6c	; 108	'l'
      00000B 65                     172 	.db #0x65	; 101	'e'
      00000C 72                     173 	.db #0x72	; 114	'r'
      00000D 5F                     174 	.db #0x5f	; 95
      00000E 76                     175 	.db #0x76	; 118	'v'
      00000F 65                     176 	.db #0x65	; 101	'e'
      000010 72                     177 	.db #0x72	; 114	'r'
      000011 73                     178 	.db #0x73	; 115	's'
      000012 69                     179 	.db #0x69	; 105	'i'
      000013 6F                     180 	.db #0x6f	; 111	'o'
      000014 6E                     181 	.db #0x6e	; 110	'n'
      000015 5B                     182 	.db #0x5b	; 91
      000016 30                     183 	.db #0x30	; 48	'0'
      000017 30                     184 	.db #0x30	; 48	'0'
      000018 30                     185 	.db #0x30	; 48	'0'
      000019 30                     186 	.db #0x30	; 48	'0'
      00001A 30                     187 	.db #0x30	; 48	'0'
      00001B 30                     188 	.db #0x30	; 48	'0'
      00001C 30                     189 	.db #0x30	; 48	'0'
      00001D 34                     190 	.db #0x34	; 52	'4'
      00001E 2E                     191 	.db #0x2e	; 46
      00001F 30                     192 	.db #0x30	; 48	'0'
      000020 30                     193 	.db #0x30	; 48	'0'
      000021 30                     194 	.db #0x30	; 48	'0'
      000022 30                     195 	.db #0x30	; 48	'0'
      000023 30                     196 	.db #0x30	; 48	'0'
      000024 30                     197 	.db #0x30	; 48	'0'
      000025 30                     198 	.db #0x30	; 48	'0'
      000026 32                     199 	.db #0x32	; 50	'2'
      000027 2E                     200 	.db #0x2e	; 46
      000028 30                     201 	.db #0x30	; 48	'0'
      000029 30                     202 	.db #0x30	; 48	'0'
      00002A 30                     203 	.db #0x30	; 48	'0'
      00002B 30                     204 	.db #0x30	; 48	'0'
      00002C 30                     205 	.db #0x30	; 48	'0'
      00002D 30                     206 	.db #0x30	; 48	'0'
      00002E 30                     207 	.db #0x30	; 48	'0'
      00002F 30                     208 	.db #0x30	; 48	'0'
      000030 5D                     209 	.db #0x5d	; 93
      000031 00                     210 	.db #0x00	; 0
                                    211 	.area CONST
      000032                        212 ___str_0:
      000032 49 4E 46 4F 3A 63 6F   213 	.ascii "INFO:compiler[SDCC]"
             6D 70 69 6C 65 72 5B
             53 44 43 43 5D
      000045 00                     214 	.db 0x00
                                    215 	.area CODE
                                    216 	.area CONST
      000046                        217 ___str_1:
      000046 49 4E 46 4F 3A 70 6C   218 	.ascii "INFO:platform[]"
             61 74 66 6F 72 6D 5B
             5D
      000055 00                     219 	.db 0x00
                                    220 	.area CODE
                                    221 	.area CONST
      000056                        222 ___str_2:
      000056 49 4E 46 4F 3A 61 72   223 	.ascii "INFO:arch[]"
             63 68 5B 5D
      000061 00                     224 	.db 0x00
                                    225 	.area CODE
                                    226 	.area CONST
      000062                        227 ___str_3:
      000062 49 4E 46 4F 3A 73 74   228 	.ascii "INFO:standard_default[11]"
             61 6E 64 61 72 64 5F
             64 65 66 61 75 6C 74
             5B 31 31 5D
      00007B 00                     229 	.db 0x00
                                    230 	.area CODE
                                    231 	.area CONST
      00007C                        232 ___str_4:
      00007C 49 4E 46 4F 3A 65 78   233 	.ascii "INFO:extensions_default[OFF]"
             74 65 6E 73 69 6F 6E
             73 5F 64 65 66 61 75
             6C 74 5B 4F 46 46 5D
      000098 00                     234 	.db 0x00
                                    235 	.area CODE
                                    236 	.area INITIALIZER
      000000                        237 __xinit__info_compiler:
      000000r00r32                  238 	.dw ___str_0
      000002                        239 __xinit__info_platform:
      000002r00r46                  240 	.dw ___str_1
      000004                        241 __xinit__info_arch:
      000004r00r56                  242 	.dw ___str_2
      000006                        243 __xinit__info_language_standard_default:
      000006r00r62                  244 	.dw ___str_3
      000008                        245 __xinit__info_language_extensions_default:
      000008r00r7C                  246 	.dw ___str_4
                                    247 	.area CABS (ABS)
